[0502/114848:ERROR:proxy_service_factory.cc(105)] Cannot use V8 Proxy resolver in single process mode.
[0502/114848:ERROR:command_buffer_proxy_impl.cc(156)] Failed to initialize command buffer service.
[0502/114848:ERROR:webgraphicscontext3d_command_buffer_impl.cc(394)] CommandBufferProxy::Initialize failed.
[0502/114848:ERROR:webgraphicscontext3d_command_buffer_impl.cc(413)] Failed to initialize command buffer.
[0502/114848:ERROR:command_buffer_proxy_impl.cc(156)] Failed to initialize command buffer service.
[0502/114848:ERROR:webgraphicscontext3d_command_buffer_impl.cc(394)] CommandBufferProxy::Initialize failed.
[0502/114848:ERROR:webgraphicscontext3d_command_buffer_impl.cc(413)] Failed to initialize command buffer.
[0502/114848:ERROR:command_buffer_proxy_impl.cc(156)] Failed to initialize command buffer service.
[0502/114848:ERROR:webgraphicscontext3d_command_buffer_impl.cc(394)] CommandBufferProxy::Initialize failed.
[0502/114848:ERROR:webgraphicscontext3d_command_buffer_impl.cc(413)] Failed to initialize command buffer.
[0502/114848:ERROR:command_buffer_proxy_impl.cc(156)] Failed to initialize command buffer service.
[0502/114848:ERROR:webgraphicscontext3d_command_buffer_impl.cc(394)] CommandBufferProxy::Initialize failed.
[0502/114848:ERROR:webgraphicscontext3d_command_buffer_impl.cc(413)] Failed to initialize command buffer.
[0502/114848:ERROR:command_buffer_proxy_impl.cc(156)] Failed to initialize command buffer service.
[0502/114848:ERROR:webgraphicscontext3d_command_buffer_impl.cc(394)] CommandBufferProxy::Initialize failed.
[0502/114848:ERROR:webgraphicscontext3d_command_buffer_impl.cc(413)] Failed to initialize command buffer.
[0502/114848:ERROR:command_buffer_proxy_impl.cc(156)] Failed to initialize command buffer service.
[0502/114848:ERROR:webgraphicscontext3d_command_buffer_impl.cc(394)] CommandBufferProxy::Initialize failed.
[0502/114848:ERROR:webgraphicscontext3d_command_buffer_impl.cc(413)] Failed to initialize command buffer.
[0502/114848:ERROR:command_buffer_proxy_impl.cc(156)] Failed to initialize command buffer service.
[0502/114848:ERROR:webgraphicscontext3d_command_buffer_impl.cc(394)] CommandBufferProxy::Initialize failed.
[0502/114848:ERROR:webgraphicscontext3d_command_buffer_impl.cc(413)] Failed to initialize command buffer.
[0502/114848:ERROR:command_buffer_proxy_impl.cc(156)] Failed to initialize command buffer service.
[0502/114848:ERROR:webgraphicscontext3d_command_buffer_impl.cc(394)] CommandBufferProxy::Initialize failed.
[0502/114848:ERROR:webgraphicscontext3d_command_buffer_impl.cc(413)] Failed to initialize command buffer.
[0502/114854:ERROR:renderer_main.cc(227)] Running without renderer sandbox
[0502/114854:WARNING:dhcp_proxy_script_adapter_fetcher_win.cc(264)] Error fetching PAC URL from DHCP: 2
[0502/114854:WARNING:dhcp_proxy_script_adapter_fetcher_win.cc(264)] Error fetching PAC URL from DHCP: 2
[0502/114903:WARNING:dhcp_proxy_script_adapter_fetcher_win.cc(264)] Error fetching PAC URL from DHCP: 2
[0502/114903:WARNING:dhcp_proxy_script_adapter_fetcher_win.cc(264)] Error fetching PAC URL from DHCP: 2
